d:\study\osi\lab5-ht-user-com-dll\os_0404\x64\debug\vc143.pdb
d:\study\osi\lab5-ht-user-com-dll\os_0404\x64\debug\vc143.idb
d:\study\osi\lab5-ht-user-com-dll\os_0404\x64\debug\main.obj
c:\users\valda\source\repos\semester#6\оси\os_lab14\os_0404\x64\debug\vc143.pdb
c:\users\valda\source\repos\semester#6\оси\os_lab14\os_0404\x64\debug\vc143.idb
c:\users\valda\source\repos\semester#6\оси\os_lab14\os_0404\x64\debug\main.obj
c:\sp\os_lab14\os_0404\x64\debug\vc143.pdb
c:\sp\os_lab14\os_0404\x64\debug\vc143.idb
c:\sp\os_lab14\os_0404\x64\debug\main.obj
d:\study\osi\lab5-ht-user-com-dll\x64\debug\os_0404.exe
d:\study\osi\lab5-ht-user-com-dll\os_0404\x64\debug\os_0404.ilk
d:\study\osi\lab5-ht-user-com-dll\x64\debug\os_0404.pdb
c:\users\valda\source\repos\semester#6\оси\os_lab14\x64\debug\os_0404.exe
c:\users\valda\source\repos\semester#6\оси\os_lab14\os_0404\x64\debug\os_0404.ilk
c:\users\valda\source\repos\semester#6\оси\os_lab14\x64\debug\os_0404.pdb
c:\sp\os_lab14\os_0404\x64\debug\os_0404.ilk
c:\sp\os_lab14\x64\debug\os_0404.exe
c:\sp\os_lab14\x64\debug\os_0404.pdb
d:\studing\5_semestr\system_programing\labs\lab_6\os_lab14\os_0404\x64\debug\main.obj
d:\studing\5_semestr\system_programing\labs\lab_6\os_lab14\os_0404\x64\debug\os_0404.ilk
d:\studing\5_semestr\system_programing\labs\lab_6\os_lab14\os_0404\x64\debug\vc143.idb
d:\studing\5_semestr\system_programing\labs\lab_6\os_lab14\os_0404\x64\debug\vc143.pdb
d:\studing\5_semestr\system_programing\labs\lab_6\os_lab14\x64\debug\os_0404.pdb
d:\studing\5_semestr\system_programing\labs\lab_6\os_lab14\x64\debug\os_0404.exe
d:\studing\5_semestr\system_programing\labs\lab_6\os_lab14\os_0404\x64\debug\os_0404.tlog\cl.command.1.tlog
d:\studing\5_semestr\system_programing\labs\lab_6\os_lab14\os_0404\x64\debug\os_0404.tlog\cl.items.tlog
d:\studing\5_semestr\system_programing\labs\lab_6\os_lab14\os_0404\x64\debug\os_0404.tlog\cl.read.1.tlog
d:\studing\5_semestr\system_programing\labs\lab_6\os_lab14\os_0404\x64\debug\os_0404.tlog\cl.write.1.tlog
d:\studing\5_semestr\system_programing\labs\lab_6\os_lab14\os_0404\x64\debug\os_0404.tlog\link.command.1.tlog
d:\studing\5_semestr\system_programing\labs\lab_6\os_lab14\os_0404\x64\debug\os_0404.tlog\link.read.1.tlog
d:\studing\5_semestr\system_programing\labs\lab_6\os_lab14\os_0404\x64\debug\os_0404.tlog\link.write.1.tlog
