"2023-09-28 09:08:59 [restartedMain] INFO  by.kravchenko.lab_2.Lab2Application - Starting Lab2Application using Java 19.0.2 with PID 13116 (D:\studing\5_semestr\internet_programming_technology\labs\lab_2\Lab_2\target\classes started by aleks in D:\studing\5_semestr\internet_programming_technology\labs\lab_2\Lab_2)
""2023-09-28 09:08:59 [restartedMain] INFO  by.kravchenko.lab_2.Lab2Application - No active profile set, falling back to 1 default profile: "default"
""2023-09-28 09:08:59 [restartedMain] INFO  o.s.b.d.e.DevToolsPropertyDefaultsPostProcessor - Devtools property defaults active! Set 'spring.devtools.add-properties' to 'false' to disable
""2023-09-28 09:08:59 [restartedMain] INFO  o.s.b.d.e.DevToolsPropertyDefaultsPostProcessor - For additional web related logging consider setting the 'logging.level.web' property to 'DEBUG'
""2023-09-28 09:09:00 [restartedMain] INFO  o.s.b.w.e.tomcat.TomcatWebServer - Tomcat initialized with port(s): 8080 (http)
""2023-09-28 09:09:00 [restartedMain] INFO  o.a.catalina.core.StandardService - Starting service [Tomcat]
""2023-09-28 09:09:00 [restartedMain] INFO  o.a.catalina.core.StandardEngine - Starting Servlet engine: [Apache Tomcat/10.1.12]
""2023-09-28 09:09:00 [restartedMain] INFO  o.a.c.c.C.[Tomcat].[localhost].[/] - Initializing Spring embedded WebApplicationContext
""2023-09-28 09:09:00 [restartedMain] INFO  o.s.b.w.s.c.ServletWebServerApplicationContext - Root WebApplicationContext: initialization completed in 1087 ms
""2023-09-28 09:09:00 [restartedMain] INFO  o.s.b.a.w.s.WelcomePageHandlerMapping - Adding welcome page template: index
""2023-09-28 09:09:00 [restartedMain] INFO  o.s.b.d.a.OptionalLiveReloadServer - LiveReload server is running on port 35729
""2023-09-28 09:09:00 [restartedMain] WARN  o.s.b.w.s.c.AnnotationConfigServletWebServerApplicationContext - Exception encountered during context initialization - cancelling refresh attempt: org.springframework.context.ApplicationContextException: Failed to start bean 'webServerStartStop'
""2023-09-28 09:09:00 [restartedMain] INFO  o.a.catalina.core.StandardService - Stopping service [Tomcat]
""2023-09-28 09:09:00 [restartedMain] INFO  o.s.b.a.l.ConditionEvaluationReportLogger - 

Error starting ApplicationContext. To display the condition evaluation report re-run your application with 'debug' enabled.
""2023-09-28 09:09:00 [restartedMain] ERROR o.s.b.d.LoggingFailureAnalysisReporter - 

***************************
APPLICATION FAILED TO START
***************************

Description:

Web server failed to start. Port 8080 was already in use.

Action:

Identify and stop the process that's listening on port 8080 or configure this application to listen on another port.

""2023-09-28 09:10:39 [restartedMain] INFO  by.kravchenko.lab_2.Lab2Application - Starting Lab2Application using Java 19.0.2 with PID 23120 (D:\studing\5_semestr\internet_programming_technology\labs\lab_2\Lab_2\target\classes started by aleks in D:\studing\5_semestr\internet_programming_technology\labs\lab_2\Lab_2)
""2023-09-28 09:10:39 [restartedMain] INFO  by.kravchenko.lab_2.Lab2Application - No active profile set, falling back to 1 default profile: "default"
""2023-09-28 09:10:39 [restartedMain] INFO  o.s.b.d.e.DevToolsPropertyDefaultsPostProcessor - Devtools property defaults active! Set 'spring.devtools.add-properties' to 'false' to disable
""2023-09-28 09:10:39 [restartedMain] INFO  o.s.b.d.e.DevToolsPropertyDefaultsPostProcessor - For additional web related logging consider setting the 'logging.level.web' property to 'DEBUG'
""2023-09-28 09:10:40 [restartedMain] INFO  o.s.b.w.e.tomcat.TomcatWebServer - Tomcat initialized with port(s): 8080 (http)
""2023-09-28 09:10:40 [restartedMain] INFO  o.a.catalina.core.StandardService - Starting service [Tomcat]
""2023-09-28 09:10:40 [restartedMain] INFO  o.a.catalina.core.StandardEngine - Starting Servlet engine: [Apache Tomcat/10.1.12]
""2023-09-28 09:10:40 [restartedMain] INFO  o.a.c.c.C.[Tomcat].[localhost].[/] - Initializing Spring embedded WebApplicationContext
""2023-09-28 09:10:40 [restartedMain] INFO  o.s.b.w.s.c.ServletWebServerApplicationContext - Root WebApplicationContext: initialization completed in 881 ms
""2023-09-28 09:10:40 [restartedMain] INFO  o.s.b.a.w.s.WelcomePageHandlerMapping - Adding welcome page template: index
""2023-09-28 09:10:40 [restartedMain] INFO  o.s.b.d.a.OptionalLiveReloadServer - LiveReload server is running on port 35729
""2023-09-28 09:10:40 [restartedMain] INFO  o.s.b.w.e.tomcat.TomcatWebServer - Tomcat started on port(s): 8080 (http) with context path ''
""2023-09-28 09:10:40 [restartedMain] INFO  by.kravchenko.lab_2.Lab2Application - Started Lab2Application in 1.662 seconds (process running for 2.289)
""2023-09-28 09:10:49 [http-nio-8080-exec-1] INFO  o.a.c.c.C.[Tomcat].[localhost].[/] - Initializing Spring DispatcherServlet 'dispatcherServlet'
""2023-09-28 09:36:22 [restartedMain] INFO  by.kravchenko.lab_2.Lab2Application - Starting Lab2Application using Java 19.0.2 with PID 11912 (D:\studing\5_semestr\internet_programming_technology\labs\lab_2\Lab_2\target\classes started by aleks in D:\studing\5_semestr\internet_programming_technology\labs\lab_2\Lab_2)
""2023-09-28 09:36:22 [restartedMain] INFO  by.kravchenko.lab_2.Lab2Application - No active profile set, falling back to 1 default profile: "default"
""2023-09-28 09:36:22 [restartedMain] INFO  o.s.b.d.e.DevToolsPropertyDefaultsPostProcessor - Devtools property defaults active! Set 'spring.devtools.add-properties' to 'false' to disable
""2023-09-28 09:36:22 [restartedMain] INFO  o.s.b.d.e.DevToolsPropertyDefaultsPostProcessor - For additional web related logging consider setting the 'logging.level.web' property to 'DEBUG'
""2023-09-28 09:36:23 [restartedMain] INFO  o.s.b.w.e.tomcat.TomcatWebServer - Tomcat initialized with port(s): 8080 (http)
""2023-09-28 09:36:23 [restartedMain] INFO  o.a.catalina.core.StandardService - Starting service [Tomcat]
""2023-09-28 09:36:23 [restartedMain] INFO  o.a.catalina.core.StandardEngine - Starting Servlet engine: [Apache Tomcat/10.1.12]
""2023-09-28 09:36:23 [restartedMain] INFO  o.a.c.c.C.[Tomcat].[localhost].[/] - Initializing Spring embedded WebApplicationContext
""2023-09-28 09:36:23 [restartedMain] INFO  o.s.b.w.s.c.ServletWebServerApplicationContext - Root WebApplicationContext: initialization completed in 987 ms
""2023-09-28 09:36:23 [restartedMain] INFO  o.s.b.a.w.s.WelcomePageHandlerMapping - Adding welcome page template: index
""2023-09-28 09:36:23 [restartedMain] INFO  o.s.b.d.a.OptionalLiveReloadServer - LiveReload server is running on port 35729
""2023-09-28 09:36:23 [restartedMain] INFO  o.s.b.w.e.tomcat.TomcatWebServer - Tomcat started on port(s): 8080 (http) with context path ''
""2023-09-28 09:36:23 [restartedMain] INFO  by.kravchenko.lab_2.Lab2Application - Started Lab2Application in 1.989 seconds (process running for 2.802)
""2023-09-28 09:36:26 [http-nio-8080-exec-1] INFO  o.a.c.c.C.[Tomcat].[localhost].[/] - Initializing Spring DispatcherServlet 'dispatcherServlet'
""2023-09-28 09:40:07 [restartedMain] INFO  by.kravchenko.lab_2.Lab2Application - Starting Lab2Application using Java 19.0.2 with PID 23240 (D:\studing\5_semestr\internet_programming_technology\labs\lab_2\Lab_2\target\classes started by aleks in D:\studing\5_semestr\internet_programming_technology\labs\lab_2\Lab_2)
""2023-09-28 09:40:07 [restartedMain] INFO  by.kravchenko.lab_2.Lab2Application - No active profile set, falling back to 1 default profile: "default"
""2023-09-28 09:40:07 [restartedMain] INFO  o.s.b.d.e.DevToolsPropertyDefaultsPostProcessor - Devtools property defaults active! Set 'spring.devtools.add-properties' to 'false' to disable
""2023-09-28 09:40:07 [restartedMain] INFO  o.s.b.d.e.DevToolsPropertyDefaultsPostProcessor - For additional web related logging consider setting the 'logging.level.web' property to 'DEBUG'
""2023-09-28 09:40:08 [restartedMain] INFO  o.s.b.w.e.tomcat.TomcatWebServer - Tomcat initialized with port(s): 8080 (http)
""2023-09-28 09:40:08 [restartedMain] INFO  o.a.catalina.core.StandardService - Starting service [Tomcat]
""2023-09-28 09:40:08 [restartedMain] INFO  o.a.catalina.core.StandardEngine - Starting Servlet engine: [Apache Tomcat/10.1.12]
""2023-09-28 09:40:08 [restartedMain] INFO  o.a.c.c.C.[Tomcat].[localhost].[/] - Initializing Spring embedded WebApplicationContext
""2023-09-28 09:40:08 [restartedMain] INFO  o.s.b.w.s.c.ServletWebServerApplicationContext - Root WebApplicationContext: initialization completed in 1106 ms
""2023-09-28 09:40:09 [restartedMain] INFO  o.s.b.a.w.s.WelcomePageHandlerMapping - Adding welcome page template: index
""2023-09-28 09:40:09 [restartedMain] INFO  o.s.b.d.a.OptionalLiveReloadServer - LiveReload server is running on port 35729
""2023-09-28 09:40:09 [restartedMain] INFO  o.s.b.w.e.tomcat.TomcatWebServer - Tomcat started on port(s): 8080 (http) with context path ''
""2023-09-28 09:40:09 [restartedMain] INFO  by.kravchenko.lab_2.Lab2Application - Started Lab2Application in 2.18 seconds (process running for 2.867)
""2023-09-28 09:40:11 [http-nio-8080-exec-1] INFO  o.a.c.c.C.[Tomcat].[localhost].[/] - Initializing Spring DispatcherServlet 'dispatcherServlet'
"