d:\study\osi\lab5-ht-user-com-dll\os14_stop\x64\debug\vc143.pdb
d:\study\osi\lab5-ht-user-com-dll\os14_stop\x64\debug\vc143.idb
d:\study\osi\lab5-ht-user-com-dll\os14_stop\x64\debug\main.obj
c:\users\valda\source\repos\semester#6\оси\os_lab14\os14_stop\x64\debug\vc143.pdb
c:\users\valda\source\repos\semester#6\оси\os_lab14\os14_stop\x64\debug\vc143.idb
c:\users\valda\source\repos\semester#6\оси\os_lab14\os14_stop\x64\debug\main.obj
d:\studing\5_semestr\system_programing\labs\lab_6\os_lab14\os14_stop\x64\debug\vc143.pdb
d:\studing\5_semestr\system_programing\labs\lab_6\os_lab14\os14_stop\x64\debug\vc143.idb
d:\studing\5_semestr\system_programing\labs\lab_6\os_lab14\os14_stop\x64\debug\main.obj
d:\study\osi\lab5-ht-user-com-dll\os14_stop\x64\debug\os14_stop.ilk
d:\study\osi\lab5-ht-user-com-dll\x64\debug\os14_stop.exe
d:\study\osi\lab5-ht-user-com-dll\x64\debug\os14_stop.pdb
c:\users\valda\source\repos\semester#6\оси\os_lab14\x64\debug\os14_stop.exe
c:\users\valda\source\repos\semester#6\оси\os_lab14\os14_stop\x64\debug\os14_stop.ilk
c:\users\valda\source\repos\semester#6\оси\os_lab14\x64\debug\os14_stop.pdb
d:\studing\5_semestr\system_programing\labs\lab_6\os_lab14\os14_stop\x64\debug\os14_stop.ilk
d:\studing\5_semestr\system_programing\labs\lab_6\os_lab14\x64\debug\os14_stop.exe
d:\studing\5_semestr\system_programing\labs\lab_6\os_lab14\x64\debug\os14_stop.pdb
d:\studing\5_semestr\system_programing\labs\lab_6\os_lab14\os14_stop\x64\debug\os14_stop.tlog\cl.command.1.tlog
d:\studing\5_semestr\system_programing\labs\lab_6\os_lab14\os14_stop\x64\debug\os14_stop.tlog\cl.items.tlog
d:\studing\5_semestr\system_programing\labs\lab_6\os_lab14\os14_stop\x64\debug\os14_stop.tlog\cl.read.1.tlog
d:\studing\5_semestr\system_programing\labs\lab_6\os_lab14\os14_stop\x64\debug\os14_stop.tlog\cl.write.1.tlog
d:\studing\5_semestr\system_programing\labs\lab_6\os_lab14\os14_stop\x64\debug\os14_stop.tlog\link.command.1.tlog
d:\studing\5_semestr\system_programing\labs\lab_6\os_lab14\os14_stop\x64\debug\os14_stop.tlog\link.read.1.tlog
d:\studing\5_semestr\system_programing\labs\lab_6\os_lab14\os14_stop\x64\debug\os14_stop.tlog\link.write.1.tlog
