d:\studing\5_semestr\system_programing\labs\lab_7\os15\os15_htcom\x64\debug\os15_htcom.pch
d:\studing\5_semestr\system_programing\labs\lab_7\os15\os15_htcom\x64\debug\vc143.pdb
d:\studing\5_semestr\system_programing\labs\lab_7\os15\os15_htcom\x64\debug\vc143.idb
d:\studing\5_semestr\system_programing\labs\lab_7\os15\os15_htcom\x64\debug\pch.obj
d:\studing\5_semestr\system_programing\labs\lab_7\os15\os15_htcom\x64\debug\registry.obj
d:\studing\5_semestr\system_programing\labs\lab_7\os15\os15_htcom\x64\debug\exportfunctions.obj
d:\studing\5_semestr\system_programing\labs\lab_7\os15\os15_htcom\x64\debug\dllmain.obj
d:\studing\5_semestr\system_programing\labs\lab_7\os15\os15_htcom\x64\debug\componentht.obj
d:\studing\5_semestr\system_programing\labs\lab_7\os15\os15_htcom\x64\debug\classfactory.obj
d:\university\осисп\labs\os15\x64\debug\os15_htcom.lib
d:\university\осисп\labs\os15\x64\debug\os15_htcom.exp
d:\univer\sp\os15\x64\debug\os15_htcom.lib
d:\univer\sp\os15\x64\debug\os15_htcom.exp
d:\3kurs\sem_1\sp\os15\os15_htcom\x64\debug\os15_htcom.ilk
d:\3kurs\sem_1\sp\os15\x64\debug\os15_htcom.dll
d:\3kurs\sem_1\sp\os15\x64\debug\os15_htcom.pdb
f:\myfile\univer\5sem\системное программирование (смелов лк, лр смайл(лосевич николай))\lab15\os15\x64\debug\os15_htcom.lib
f:\myfile\univer\5sem\системное программирование (смелов лк, лр смайл(лосевич николай))\lab15\os15\x64\debug\os15_htcom.exp
d:\3kurs\sem_1\sp\os15\x64\debug\os15_htcom.lib
d:\3kurs\sem_1\sp\os15\x64\debug\os15_htcom.exp
d:\studing\5_semestr\system_programing\labs\lab_7\os15\os15_htcom\x64\debug\os15_htcom.ilk
d:\studing\5_semestr\system_programing\labs\lab_7\os15\x64\debug\os15_htcom.dll
d:\studing\5_semestr\system_programing\labs\lab_7\os15\x64\debug\os15_htcom.pdb
d:\studing\5_semestr\system_programing\labs\lab_7\os15\x64\debug\os15_htcom.lib
d:\studing\5_semestr\system_programing\labs\lab_7\os15\x64\debug\os15_htcom.exp
d:\документы\институт бгту\3к2с\оси\lab6-ht-service-user-com-dll\x64\debug\os15_htcom.lib
d:\документы\институт бгту\3к2с\оси\lab6-ht-service-user-com-dll\x64\debug\os15_htcom.exp
d:\studing\5_semestr\system_programing\labs\lab_7\os15\os15_htcom\x64\debug\os15_htcom.tlog\cl.command.1.tlog
d:\studing\5_semestr\system_programing\labs\lab_7\os15\os15_htcom\x64\debug\os15_htcom.tlog\cl.items.tlog
d:\studing\5_semestr\system_programing\labs\lab_7\os15\os15_htcom\x64\debug\os15_htcom.tlog\cl.read.1.tlog
d:\studing\5_semestr\system_programing\labs\lab_7\os15\os15_htcom\x64\debug\os15_htcom.tlog\cl.write.1.tlog
d:\studing\5_semestr\system_programing\labs\lab_7\os15\os15_htcom\x64\debug\os15_htcom.tlog\link.command.1.tlog
d:\studing\5_semestr\system_programing\labs\lab_7\os15\os15_htcom\x64\debug\os15_htcom.tlog\link.read.1.tlog
d:\studing\5_semestr\system_programing\labs\lab_7\os15\os15_htcom\x64\debug\os15_htcom.tlog\link.write.1.tlog
d:\studing\5_semestr\system_programing\labs\lab_7\os15\os15_htcom\x64\debug\os15_htcom.tlog\link.write.2u.tlog
d:\studing\5_semestr\system_programing\labs\lab_7\os15\os15_htcom\x64\debug\os15_htcom.tlog\os15_htcom.write.1u.tlog
