d:\studing\5_semestr\system_programing\labs\lab_5\os_lab13\lab4-ht-com-dll\os13_htcom\x64\debug\os13_htcom.pch
d:\studing\5_semestr\system_programing\labs\lab_5\os_lab13\lab4-ht-com-dll\os13_htcom\x64\debug\vc143.pdb
d:\studing\5_semestr\system_programing\labs\lab_5\os_lab13\lab4-ht-com-dll\os13_htcom\x64\debug\vc143.idb
d:\studing\5_semestr\system_programing\labs\lab_5\os_lab13\lab4-ht-com-dll\os13_htcom\x64\debug\pch.obj
d:\studing\5_semestr\system_programing\labs\lab_5\os_lab13\lab4-ht-com-dll\os13_htcom\x64\debug\registry.obj
d:\studing\5_semestr\system_programing\labs\lab_5\os_lab13\lab4-ht-com-dll\os13_htcom\x64\debug\exportfunctions.obj
d:\studing\5_semestr\system_programing\labs\lab_5\os_lab13\lab4-ht-com-dll\os13_htcom\x64\debug\dllmain.obj
d:\studing\5_semestr\system_programing\labs\lab_5\os_lab13\lab4-ht-com-dll\os13_htcom\x64\debug\componentht.obj
d:\studing\5_semestr\system_programing\labs\lab_5\os_lab13\lab4-ht-com-dll\os13_htcom\x64\debug\classfactory.obj
d:\1poit\3\osi\labs\оссп_лабораторная_работа_13 (6 часов)\lab4-ht-com-dll\x64\debug\os13_htcom.lib
d:\1poit\3\osi\labs\оссп_лабораторная_работа_13 (6 часов)\lab4-ht-com-dll\x64\debug\os13_htcom.exp
c:\users\valda\source\repos\semester#6\оси\оссп_лабораторная_работа_13_6_часов\lab4-ht-com-dll\x64\debug\os13_htcom.lib
c:\users\valda\source\repos\semester#6\оси\оссп_лабораторная_работа_13_6_часов\lab4-ht-com-dll\x64\debug\os13_htcom.exp
c:\users\valda\source\repos\semester#6\оси\os_lab13\lab4-ht-com-dll\x64\debug\os13_htcom.lib
c:\users\valda\source\repos\semester#6\оси\os_lab13\lab4-ht-com-dll\x64\debug\os13_htcom.exp
d:\studing\5_semestr\system_programing\labs\lab_5\os_lab13\lab4-ht-com-dll\os13_htcom\x64\debug\os13_htcom.ilk
d:\studing\5_semestr\system_programing\labs\lab_5\os_lab13\lab4-ht-com-dll\x64\debug\os13_htcom.dll
d:\studing\5_semestr\system_programing\labs\lab_5\os_lab13\lab4-ht-com-dll\x64\debug\os13_htcom.pdb
d:\3_1course\sp\labs\os_lab13\lab4-ht-com-dll\x64\debug\os13_htcom.lib
d:\3_1course\sp\labs\os_lab13\lab4-ht-com-dll\x64\debug\os13_htcom.exp
d:\studing\5_semestr\system_programing\labs\lab_5\os_lab13\lab4-ht-com-dll\x64\debug\os13_htcom.lib
d:\studing\5_semestr\system_programing\labs\lab_5\os_lab13\lab4-ht-com-dll\x64\debug\os13_htcom.exp
d:\studing\5_semestr\system_programing\labs\lab_5\os_lab13\lab4-ht-com-dll\os13_htcom\x64\debug\os13_htcom.tlog\cl.command.1.tlog
d:\studing\5_semestr\system_programing\labs\lab_5\os_lab13\lab4-ht-com-dll\os13_htcom\x64\debug\os13_htcom.tlog\cl.items.tlog
d:\studing\5_semestr\system_programing\labs\lab_5\os_lab13\lab4-ht-com-dll\os13_htcom\x64\debug\os13_htcom.tlog\cl.read.1.tlog
d:\studing\5_semestr\system_programing\labs\lab_5\os_lab13\lab4-ht-com-dll\os13_htcom\x64\debug\os13_htcom.tlog\cl.write.1.tlog
d:\studing\5_semestr\system_programing\labs\lab_5\os_lab13\lab4-ht-com-dll\os13_htcom\x64\debug\os13_htcom.tlog\link.command.1.tlog
d:\studing\5_semestr\system_programing\labs\lab_5\os_lab13\lab4-ht-com-dll\os13_htcom\x64\debug\os13_htcom.tlog\link.read.1.tlog
d:\studing\5_semestr\system_programing\labs\lab_5\os_lab13\lab4-ht-com-dll\os13_htcom\x64\debug\os13_htcom.tlog\link.write.1.tlog
d:\studing\5_semestr\system_programing\labs\lab_5\os_lab13\lab4-ht-com-dll\os13_htcom\x64\debug\os13_htcom.tlog\link.write.2u.tlog
